<?xml version="1.0" encoding="utf-8"?><testsuites name="pytest tests"><testsuite name="pytest" errors="0" failures="0" skipped="0" tests="49" time="4.449" timestamp="2025-11-13T10:27:16.446200+00:00" hostname="Jithins-MacBook-Pro.local"><testcase classname="test_api_security.TestInputValidation" name="test_invalid_uuid_rejected" time="1.226" /><testcase classname="test_authentication_security.TestJWTSecurity" name="test_valid_token_accepted" time="0.076" /><testcase classname="test_authentication_security.TestPasswordSecurity" name="test_password_not_in_response" time="0.075" /><testcase classname="test_authentication_security.TestPasswordSecurity" name="test_password_hashed_in_db" time="0.074" /><testcase classname="test_authentication_security.TestSessionSecurity" name="test_no_credentials_in_url" time="0.076" /><testcase classname="test_configuration_security.TestSecretsProtection" name="test_api_keys_not_exposed" time="0.076" /><testcase classname="test_configuration_security.TestErrorHandling" name="test_no_stack_traces" time="0.075" /><testcase classname="test_configuration_security.TestErrorHandling" name="test_validation_errors_safe" time="0.074" /><testcase classname="test_configuration_security.TestLoggingSecurity" name="test_tokens_not_logged" time="0.075" /><testcase classname="test_injection_security.TestSQLInjectionPrevention" name="test_filter_injection_safe" time="0.074" /><testcase classname="test_injection_security.TestSQLInjectionPrevention" name="test_order_injection_safe" time="0.074" /><testcase classname="test_injection_security.TestXSSPrevention" name="test_html_in_input_sanitized" time="0.075" /><testcase classname="test_injection_security.TestXSSPrevention" name="test_javascript_in_input_sanitized" time="0.075" /><testcase classname="test_injection_security.TestCommandInjectionPrevention" name="test_special_chars_in_filenames" time="0.074" /><testcase classname="test_configuration_security.TestSecretsProtection" name="test_secret_key_not_exposed" time="0.001" /><testcase classname="test_configuration_security.TestDebugMode" name="test_debug_disabled_in_prod" time="0.000" /><testcase classname="test_configuration_security.TestDebugMode" name="test_no_debug_toolbar" time="0.001" /><testcase classname="test_configuration_security.TestSecurityHeaders" name="test_no_x_powered_by" time="0.001" /><testcase classname="test_configuration_security.TestSecurityHeaders" name="test_server_header_minimal" time="0.001" /><testcase classname="test_configuration_security.TestSecurityHeaders" name="test_security_headers_present" time="0.001" /><testcase classname="test_configuration_security.TestConfigurationValidation" name="test_allowed_hosts_configured" time="0.000" /><testcase classname="test_configuration_security.TestConfigurationValidation" name="test_secret_key_not_default" time="0.000" /><testcase classname="test_configuration_security.TestConfigurationValidation" name="test_secure_cookies_in_prod" time="0.000" /><testcase classname="test_configuration_security.TestDatabaseSecurity" name="test_not_sqlite_in_prod" time="0.000" /><testcase classname="test_configuration_security.TestCORSConfiguration" name="test_cors_not_allow_all" time="0.000" /><testcase classname="test_configuration_security.TestAPIKeyManagement" name="test_keys_from_environment" time="0.000" /><testcase classname="test_configuration_security.TestFileAccessSecurity" name="test_backup_files_not_accessible" time="0.001" /><testcase classname="test_configuration_security.TestFileAccessSecurity" name="test_source_not_accessible" time="0.001" /><testcase classname="test_injection_security.TestPathTraversalPrevention" name="test_dot_dot_slash_blocked" time="0.001" /><testcase classname="test_llm_security.TestPromptInjectionDefense" name="test_block_ignore_instructions" time="0.000" /><testcase classname="test_llm_security.TestPromptInjectionDefense" name="test_block_admin_mode" time="0.000" /><testcase classname="test_llm_security.TestPromptInjectionDefense" name="test_block_forget_everything" time="0.000" /><testcase classname="test_llm_security.TestPromptInjectionDefense" name="test_block_dan_jailbreak" time="0.001" /><testcase classname="test_llm_security.TestPromptInjectionDefense" name="test_block_disregard_instructions" time="0.000" /><testcase classname="test_llm_security.TestPromptInjectionDefense" name="test_block_ignore_programming" time="0.000" /><testcase classname="test_llm_security.TestPromptInjectionDefense" name="test_block_jailbreak_keyword" time="0.000" /><testcase classname="test_llm_security.TestHarmfulIntentDetection" name="test_block_violence" time="0.000" /><testcase classname="test_llm_security.TestHarmfulIntentDetection" name="test_block_misinformation" time="0.001" /><testcase classname="test_llm_security.TestHarmfulIntentDetection" name="test_allow_legitimate_queries" time="0.586" /><testcase classname="test_llm_security.TestProfanityFiltering" name="test_block_profanity" time="0.001" /><testcase classname="test_llm_security.TestProfanityFiltering" name="test_allow_clean_language" time="0.505" /><testcase classname="test_llm_security.TestRateLimiting" name="test_rate_limit_validation" time="0.628" /><testcase classname="test_llm_security.TestInputValidation" name="test_reject_too_long" time="0.001" /><testcase classname="test_llm_security.TestInputValidation" name="test_accept_valid_length" time="0.408" /><testcase classname="test_llm_security.TestXSSBlocking" name="test_block_script_tags" time="0.003" /><testcase classname="test_llm_security.TestSQLInjectionBlocking" name="test_block_drop_table" time="0.002" /><testcase classname="test_llm_security.TestOutputSanitization" name="test_mask_emails" time="0.001" /><testcase classname="test_llm_security.TestOutputSanitization" name="test_mask_phone_numbers" time="0.001" /><testcase classname="test_llm_security.TestReDoSPrevention" name="test_fast_validation" time="0.051" /></testsuite></testsuites>